[INFO] Scanning for projects...
[INFO] 
[INFO] -----------------------< com.example:resolveit >------------------------
[INFO] Building resolveit 0.0.1-SNAPSHOT
[INFO]   from pom.xml
[INFO] --------------------------------[ jar ]---------------------------------
[INFO] 
[INFO] --- resources:3.3.1:resources (default-resources) @ resolveit ---
[INFO] Copying 1 resource from src\main\resources to target\classes
[INFO] Copying 9 resources from src\main\resources to target\classes
[INFO] 
[INFO] --- compiler:3.13.0:compile (default-compile) @ resolveit ---
[INFO] Recompiling the module because of changed source code.
[INFO] Compiling 13 source files with javac [debug parameters release 21] to target\classes
[INFO] -------------------------------------------------------------
[ERROR] COMPILATION ERROR : 
[INFO] -------------------------------------------------------------
[ERROR] /D:/Infosys Intenship/Resloveit/src/main/java/com/example/resolveit/model/User.java:[15,6] cannot find symbol
  symbol:   class Column
  location: class com.example.resolveit.model.User
[ERROR] /D:/Infosys Intenship/Resloveit/src/main/java/com/example/resolveit/model/User.java:[18,6] cannot find symbol
  symbol:   class Column
  location: class com.example.resolveit.model.User
[ERROR] /D:/Infosys Intenship/Resloveit/src/main/java/com/example/resolveit/model/User.java:[21,6] cannot find symbol
  symbol:   class Column
  location: class com.example.resolveit.model.User
[ERROR] /D:/Infosys Intenship/Resloveit/src/main/java/com/example/resolveit/model/User.java:[24,6] cannot find symbol
  symbol:   class Column
  location: class com.example.resolveit.model.User
[ERROR] /D:/Infosys Intenship/Resloveit/src/main/java/com/example/resolveit/model/User.java:[27,6] cannot find symbol
  symbol:   class Column
  location: class com.example.resolveit.model.User
[ERROR] /D:/Infosys Intenship/Resloveit/src/main/java/com/example/resolveit/controller/PageController.java:[33,34] cannot find symbol
  symbol:   class RequestParam
  location: class com.example.resolveit.controller.PageController
[ERROR] /D:/Infosys Intenship/Resloveit/src/main/java/com/example/resolveit/controller/PageController.java:[58,34] cannot find symbol
  symbol:   class RequestParam
  location: class com.example.resolveit.controller.PageController
[INFO] 7 errors 
[INFO] -------------------------------------------------------------
[INFO] ------------------------------------------------------------------------
[INFO] BUILD FAILURE
[INFO] ------------------------------------------------------------------------
[INFO] Total time:  3.843 s
[INFO] Finished at: 2026-03-07T14:09:42+05:30
[INFO] ------------------------------------------------------------------------
[ERROR] Failed to execute goal org.apache.maven.plugins:maven-compiler-plugin:3.13.0:compile (default-compile) on project resolveit: Compilation failure: Compilation failure: 
[ERROR] /D:/Infosys Intenship/Resloveit/src/main/java/com/example/resolveit/model/User.java:[15,6] cannot find symbol
[ERROR]   symbol:   class Column
[ERROR]   location: class com.example.resolveit.model.User
[ERROR] /D:/Infosys Intenship/Resloveit/src/main/java/com/example/resolveit/model/User.java:[18,6] cannot find symbol
[ERROR]   symbol:   class Column
[ERROR]   location: class com.example.resolveit.model.User
[ERROR] /D:/Infosys Intenship/Resloveit/src/main/java/com/example/resolveit/model/User.java:[21,6] cannot find symbol
[ERROR]   symbol:   class Column
[ERROR]   location: class com.example.resolveit.model.User
[ERROR] /D:/Infosys Intenship/Resloveit/src/main/java/com/example/resolveit/model/User.java:[24,6] cannot find symbol
[ERROR]   symbol:   class Column
[ERROR]   location: class com.example.resolveit.model.User
[ERROR] /D:/Infosys Intenship/Resloveit/src/main/java/com/example/resolveit/model/User.java:[27,6] cannot find symbol
[ERROR]   symbol:   class Column
[ERROR]   location: class com.example.resolveit.model.User
[ERROR] /D:/Infosys Intenship/Resloveit/src/main/java/com/example/resolveit/controller/PageController.java:[33,34] cannot find symbol
[ERROR]   symbol:   class RequestParam
[ERROR]   location: class com.example.resolveit.controller.PageController
[ERROR] /D:/Infosys Intenship/Resloveit/src/main/java/com/example/resolveit/controller/PageController.java:[58,34] cannot find symbol
[ERROR]   symbol:   class RequestParam
[ERROR]   location: class com.example.resolveit.controller.PageController
[ERROR] -> [Help 1]
[ERROR] 
[ERROR] To see the full stack trace of the errors, re-run Maven with the -e switch.
[ERROR] Re-run Maven using the -X switch to enable full debug logging.
[ERROR] 
[ERROR] For more information about the errors and possible solutions, please read the following articles:
[ERROR] [Help 1] http://cwiki.apache.org/confluence/display/MAVEN/MojoFailureException
